#
# There is insufficient memory for the Java Runtime Environment to continue.
# Native memory allocation (malloc) failed to allocate 1048576 bytes for AllocateHeap
# Possible reasons:
#   The system is out of physical RAM or swap space
#   In 32 bit mode, the process size limit was hit
# Possible solutions:
#   Reduce memory load on the system
#   Increase physical memory or swap space
#   Check if swap backing store is full
#   Use 64 bit Java on a 64 bit OS
#   Decrease Java heap size (-Xmx/-Xms)
#   Decrease number of Java threads
#   Decrease Java thread stack sizes (-Xss)
#   Set larger code cache with -XX:ReservedCodeCacheSize=
# This output file may be truncated or incomplete.
#
#  Out of Memory Error (memory/allocation.inline.hpp:61), pid=11212, tid=0x0000000000003974
#
# JRE version:  (8.0_111-b14) (build )
# Java VM: Java HotSpot(TM) 64-Bit Server VM (25.111-b14 mixed mode windows-amd64 compressed oops)
# Failed to write core dump. Minidumps are not enabled by default on client versions of Windows
#

---------------  T H R E A D  ---------------

Current thread (0x0000000002da0800):  JavaThread "Unknown thread" [_thread_in_vm, id=14708, stack(0x0000000002c10000,0x0000000002d10000)]

Stack: [0x0000000002c10000,0x0000000002d10000]
[error occurred during error reporting (printing stack bounds), id 0xc0000005]

Native frames: (J=compiled Java code, j=interpreted, Vv=VM code, C=native code)


---------------  P R O C E S S  ---------------

Java Threads: ( => current thread )

Other Threads:

=>0x0000000002da0800 (exited) JavaThread "Unknown thread" [_thread_in_vm, id=14708, stack(0x0000000002c10000,0x0000000002d10000)]

VM state:not at safepoint (normal execution)

VM Mutex/Monitor currently owned by a thread: None

Heap:
 PSYoungGen      total 56832K, used 983K [0x0000000780d00000, 0x0000000784c00000, 0x00000007c0000000)
  eden space 49152K, 2% used [0x0000000780d00000,0x0000000780df5c38,0x0000000783d00000)
  from space 7680K, 0% used [0x0000000784480000,0x0000000784480000,0x0000000784c00000)
  to   space 7680K, 0% used [0x0000000783d00000,0x0000000783d00000,0x0000000784480000)
 ParOldGen       total 130048K, used 0K [0x0000000702600000, 0x000000070a500000, 0x0000000780d00000)
  object space 130048K, 0% used [0x0000000702600000,0x0000000702600000,0x000000070a500000)
 Metaspace       used 770K, capacity 4480K, committed 4480K, reserved 1056768K
  class space    used 75K, capacity 384K, committed 384K, reserved 1048576K

Card table byte_map: [0x0000000012260000,0x0000000012850000] byte_map_base: 0x000000000ea4d000

Marking Bits: (ParMarkBitMap*) 0x0000000060faa6c0
 Begin Bits: [0x0000000013650000, 0x00000000165b8000)
 End Bits:   [0x00000000165b8000, 0x0000000019520000)

Polling page: 0x00000000013b0000

CodeCache: size=245760Kb used=328Kb max_used=328Kb free=245431Kb
 bounds [0x0000000002ea0000, 0x0000000003110000, 0x0000000011ea0000]
 total_blobs=58 nmethods=0 adapters=38
 compilation: enabled

Compilation events (0 events):
No events

GC Heap History (0 events):
No events

Deoptimization events (0 events):
No events

Internal exceptions (0 events):
No events

Events (10 events):
Event: 0.033 loading class java/lang/Short
Event: 0.033 loading class java/lang/Short done
Event: 0.033 loading class java/lang/Integer
Event: 0.033 loading class java/lang/Integer done
Event: 0.033 loading class java/lang/Long
Event: 0.033 loading class java/lang/Long done
Event: 0.034 loading class java/lang/NullPointerException
Event: 0.034 loading class java/lang/NullPointerException done
Event: 0.034 loading class java/lang/ArithmeticException
Event: 0.034 loading class java/lang/ArithmeticException done


Dynamic libraries:
0x00007ff6b4fc0000 - 0x00007ff6b4ff7000 	D:\Program Files\jdk1.8.0_111\bin\java.exe
0x00007ffa08260000 - 0x00007ffa08450000 	C:\WINDOWS\SYSTEM32\ntdll.dll
0x00007ffa074a0000 - 0x00007ffa07552000 	C:\WINDOWS\System32\KERNEL32.DLL
0x00007ffa05570000 - 0x00007ffa05813000 	C:\WINDOWS\System32\KERNELBASE.dll
0x00007ffa06c30000 - 0x00007ffa06cd3000 	C:\WINDOWS\System32\ADVAPI32.dll
0x00007ffa06b20000 - 0x00007ffa06bbe000 	C:\WINDOWS\System32\msvcrt.dll
0x00007ffa072a0000 - 0x00007ffa07337000 	C:\WINDOWS\System32\sechost.dll
0x00007ffa080a0000 - 0x00007ffa081c0000 	C:\WINDOWS\System32\RPCRT4.dll
0x00007ffa06d10000 - 0x00007ffa06ea4000 	C:\WINDOWS\System32\USER32.dll
0x00007ffa062e0000 - 0x00007ffa06301000 	C:\WINDOWS\System32\win32u.dll
0x00007ffa06ce0000 - 0x00007ffa06d06000 	C:\WINDOWS\System32\GDI32.dll
0x00007ffa053d0000 - 0x00007ffa05564000 	C:\WINDOWS\System32\gdi32full.dll
0x00007ffa061a0000 - 0x00007ffa0623e000 	C:\WINDOWS\System32\msvcp_win.dll
0x00007ffa051f0000 - 0x00007ffa052ea000 	C:\WINDOWS\System32\ucrtbase.dll
0x00007ff9f9b40000 - 0x00007ff9f9dc5000 	C:\WINDOWS\WinSxS\amd64_microsoft.windows.common-controls_6595b64144ccf1df_6.0.18362.720_none_e6beb5c51314836b\COMCTL32.dll
0x00007ffa06eb0000 - 0x00007ffa071e6000 	C:\WINDOWS\System32\combase.dll
0x00007ffa06240000 - 0x00007ffa062c0000 	C:\WINDOWS\System32\bcryptPrimitives.dll
0x00007ffa07ad0000 - 0x00007ffa07afe000 	C:\WINDOWS\System32\IMM32.DLL
0x00000000606b0000 - 0x0000000060782000 	D:\Program Files\jdk1.8.0_111\jre\bin\msvcr100.dll
0x0000000060790000 - 0x000000006102a000 	D:\Program Files\jdk1.8.0_111\jre\bin\server\jvm.dll
0x00007ffa079f0000 - 0x00007ffa079f8000 	C:\WINDOWS\System32\PSAPI.DLL
0x00007ff9d9a00000 - 0x00007ff9d9a09000 	C:\WINDOWS\SYSTEM32\WSOCK32.dll
0x00007ffa03090000 - 0x00007ffa030b4000 	C:\WINDOWS\SYSTEM32\WINMM.dll
0x00007ff9ff7e0000 - 0x00007ff9ff7ea000 	C:\WINDOWS\SYSTEM32\VERSION.dll
0x00007ffa08030000 - 0x00007ffa0809f000 	C:\WINDOWS\System32\WS2_32.dll
0x00007ffa02c10000 - 0x00007ffa02c3d000 	C:\WINDOWS\SYSTEM32\WINMMBASE.dll
0x00007ffa052f0000 - 0x00007ffa0533a000 	C:\WINDOWS\System32\cfgmgr32.dll
0x0000000062870000 - 0x000000006287f000 	D:\Program Files\jdk1.8.0_111\jre\bin\verify.dll
0x0000000060640000 - 0x0000000060669000 	D:\Program Files\jdk1.8.0_111\jre\bin\java.dll
0x0000000060620000 - 0x0000000060636000 	D:\Program Files\jdk1.8.0_111\jre\bin\zip.dll

VM Arguments:
jvm_args: -Dfile.encoding=UTF-8 
java_command: GUI.AdminStock1
java_class_path (initial): C:\Users\User\Documents\NetBeansProjects\VendingMachine2\build\classes
Launcher Type: SUN_STANDARD

Environment Variables:
PATH=C:\ProgramData\Oracle\Java\javapath;C:\Windows\system32;C:\Windows;C:\Windows\System32\Wbem;C:\Windows\System32\WindowsPowerShell\v1.0\;C:\Windows\System32\OpenSSH\;C:\Program Files (x86)\NVIDIA Corporation\PhysX\Common;C:\Program Files\NVIDIA Corporation\NVIDIA NvDLISR;C:\WINDOWS\system32;C:\WINDOWS;C:\WINDOWS\System32\Wbem;C:\WINDOWS\System32\WindowsPowerShell\v1.0\;C:\WINDOWS\System32\OpenSSH\;C:\Users\User\AppData\Local\Microsoft\WindowsApps;C:\Users\User\AppData\Local\atom\bin
USERNAME=User
OS=Windows_NT
PROCESSOR_IDENTIFIER=Intel64 Family 6 Model 158 Stepping 10, GenuineIntel



---------------  S Y S T E M  ---------------

OS: Windows 10.0 , 64 bit Build 18362 (10.0.18362.329)

CPU:total 12 (6 cores per cpu, 2 threads per core) family 6 model 158 stepping 10, cmov, cx8, fxsr, mmx, sse, sse2, sse3, ssse3, sse4.1, sse4.2, popcnt, avx, avx2, aes, clmul, erms, 3dnowpref, lzcnt, ht, tsc, tscinvbit, bmi1, bmi2, adx

Memory: 4k page, physical 12421748k(401112k free), swap 50170484k(6784k free)

vm_info: Java HotSpot(TM) 64-Bit Server VM (25.111-b14) for windows-amd64 JRE (1.8.0_111-b14), built on Sep 22 2016 19:24:05 by "java_re" with MS VC++ 10.0 (VS2010)

time: Tue Apr 07 18:09:57 2020
elapsed time: 0 seconds (0d 0h 0m 0s)

